Build started 9/26/2012 11:11:36 AM.
     1>Project "C:\Users\Pop\Documents\Classes\ME4573\Project 1\Project 1\Project 1.vcxproj" on node 2 (Build target(s)).
     1>ClCompile:
         C:\Program Files (x86)\Microsoft Visual Studio 11.0\VC\bin\CL.exe /c /ZI /nologo /W4 /WX- /Od /Oy- /D _CRT_SECURE_NO_WARNINGS /D WIN32 /D _DEBUG /D _CONSOLE /D GLEW_STATIC /Gm /EHsc /RTC1 /MDd /GS /fp:precise /Zc:wchar_t /Zc:forScope /Fo"Debug\\" /Fd"Debug\vc110.pdb" /Gd /TP /analyze- /errorReport:prompt main.cpp
         main.cpp
     1>c:\users\pop\documents\classes\me4573\project 1\project 1\globjects.h(11): warning C4005: 'GLEW_STATIC' : macro redefinition
                 command-line arguments :  see previous definition of 'GLEW_STATIC'
     1>c:\program files (x86)\microsoft visual studio 11.0\vc\include\gl\freeglut_std.h(614): warning C4505: 'glutCreateMenu_ATEXIT_HACK' : unreferenced local function has been removed
       Link:
         C:\Program Files (x86)\Microsoft Visual Studio 11.0\VC\bin\link.exe /ERRORREPORT:PROMPT /OUT:"C:\Users\Pop\Documents\Classes\ME4573\Project 1\Debug\Project 1.exe" /INCREMENTAL /NOLOGO glew32.lib freeglut.lib kernel32.lib user32.lib gdi32.lib winspool.lib comdlg32.lib advapi32.lib shell32.lib ole32.lib oleaut32.lib uuid.lib odbc32.lib odbccp32.lib /MANIFEST /MANIFESTUAC:"level='asInvoker' uiAccess='false'" /manifest:embed /DEBUG /PDB:"C:\Users\Pop\Documents\Classes\ME4573\Project 1\Debug\Project 1.pdb" /SUBSYSTEM:CONSOLE /TLBID:1 /DYNAMICBASE /NXCOMPAT /IMPLIB:"C:\Users\Pop\Documents\Classes\ME4573\Project 1\Debug\Project 1.lib" /MACHINE:X86 Debug\FileLoader.obj
         Debug\LoadedObject.obj
         Debug\main.obj
     1>LoadedObject.obj : error LNK2001: unresolved external symbol ___glewBindBuffer
     1>LoadedObject.obj : error LNK2001: unresolved external symbol ___glewBufferData
     1>LoadedObject.obj : error LNK2001: unresolved external symbol ___glewGenBuffers
     1>C:\Users\Pop\Documents\Classes\ME4573\Project 1\Debug\Project 1.exe : fatal error LNK1120: 3 unresolved externals
     1>Done Building Project "C:\Users\Pop\Documents\Classes\ME4573\Project 1\Project 1\Project 1.vcxproj" (Build target(s)) -- FAILED.

Build FAILED.

Time Elapsed 00:00:01.52
